十一月 27, 2020 4:46:40 下午 io.github.yedaxia.apidocs.LogUtils info
信息: info: find java src paths:  [D:\gitSource\magic-code\xcode\src\main\java\]
十一月 27, 2020 4:46:40 下午 io.github.yedaxia.apidocs.LogUtils info
信息: info: project type not set, try to figure out...
十一月 27, 2020 4:46:40 下午 io.github.yedaxia.apidocs.LogUtils info
信息: info: start find controllers in path : D:\gitSource\magic-code\xcode\src\main\java\
十一月 27, 2020 4:46:41 下午 io.github.yedaxia.apidocs.LogUtils info
信息: info: find controller file : ApiReadMe.java
十一月 27, 2020 4:46:41 下午 io.github.yedaxia.apidocs.LogUtils info
信息: info: find controller file : SourceTypeTest.java
十一月 27, 2020 4:46:41 下午 io.github.yedaxia.apidocs.LogUtils info
信息: info: find controller file : SendMailDemo.java
十一月 27, 2020 4:46:41 下午 io.github.yedaxia.apidocs.LogUtils info
信息: info: start to parse controller file : ApiReadMe.java
十一月 27, 2020 4:46:41 下午 io.github.yedaxia.apidocs.LogUtils info
信息: info: success to parse controller file : ApiReadMe.java
十一月 27, 2020 4:46:41 下午 io.github.yedaxia.apidocs.LogUtils info
信息: info: start to parse controller file : SourceTypeTest.java
十一月 27, 2020 4:46:41 下午 io.github.yedaxia.apidocs.LogUtils info
信息: info: success to parse controller file : SourceTypeTest.java
十一月 27, 2020 4:46:41 下午 io.github.yedaxia.apidocs.LogUtils info
信息: info: start to parse controller file : SendMailDemo.java
十一月 27, 2020 4:46:41 下午 io.github.yedaxia.apidocs.LogUtils info
信息: info: success to parse controller file : SendMailDemo.java
十一月 27, 2020 4:46:41 下午 io.github.yedaxia.apidocs.LogUtils info
信息: info: generate api docs start...
十一月 27, 2020 4:46:41 下午 io.github.yedaxia.apidocs.LogUtils info
信息: info: start to generate docs for controller file : D:\gitSource\magic-code\xcode\src\main\java\com\jgma\xcode\api\ApiReadMe.java
十一月 27, 2020 4:46:41 下午 io.github.yedaxia.apidocs.LogUtils info
信息: info: success to generate docs for controller file : D:\gitSource\magic-code\xcode\src\main\java\com\jgma\xcode\api\ApiReadMe.java
十一月 27, 2020 4:46:41 下午 io.github.yedaxia.apidocs.LogUtils info
信息: info: start to generate docs for controller file : D:\gitSource\magic-code\xcode\src\main\java\com\jgma\xcode\datasource\SourceTypeTest.java
十一月 27, 2020 4:46:41 下午 io.github.yedaxia.apidocs.LogUtils info
信息: info: success to generate docs for controller file : D:\gitSource\magic-code\xcode\src\main\java\com\jgma\xcode\datasource\SourceTypeTest.java
十一月 27, 2020 4:46:41 下午 io.github.yedaxia.apidocs.LogUtils info
信息: info: start to generate docs for controller file : D:\gitSource\magic-code\xcode\src\main\java\com\jgma\xcode\mail\service\SendMailDemo.java
十一月 27, 2020 4:46:41 下午 io.github.yedaxia.apidocs.LogUtils info
信息: info: success to generate docs for controller file : D:\gitSource\magic-code\xcode\src\main\java\com\jgma\xcode\mail\service\SendMailDemo.java
十一月 27, 2020 4:46:41 下午 io.github.yedaxia.apidocs.LogUtils info
信息: info: generate index start !!!
十一月 27, 2020 4:46:41 下午 io.github.yedaxia.apidocs.LogUtils info
信息: info: generate index done !!!
十一月 27, 2020 4:46:41 下午 io.github.yedaxia.apidocs.LogUtils info
信息: info: generate api docs done !!!
